-1.000000e+03  True  1  1 0 1  1  0 False  75DeHe.1     1-1-0-s-1-0-1-a a s 0 0 0 0 0 0 0 0 0 0 0 0  3.696319 0.01 0.01
-1.000000e+03  True  1  1 0 1  1  0 False  75DeHe.2     1-1-0-a-1-0-1-s s a 0 0 0 0 0 0 0 0 0 0 0 0  3.699116 0.10 0.10
-1.000000e+03  True  0  1 0 1  0  1 False  75DeHe.3     1-1-1-s-0-0-0-a a s 0 0 0 0 0 0 0 0 0 0 0 0 11.189292 0.01 0.01
-1.000000e+03  True  0  1 0 1  0  1 False  75DeHe.4     1-1-1-a-0-0-0-s s a 0 0 0 0 0 0 0 0 0 0 0 0 11.191543 0.01 0.01
 8.648294e-08 False  1  1 0 1  1  1  True  75DeHe.5     1-1-1-s-1-0-1-a a s 0 0 0 0 0 0 0 0 0 0 0 0  1.923823 0.01 0.01
-1.000000e+03  True  1  1 0 1  1  1 False  75DeHe.6     1-1-1-a-1-0-1-s s a 0 0 0 0 0 0 0 0 0 0 0 0  2.262950 0.01 0.01
 1.294205e-08 False  0  1 0 1  0  0  True  75DeHe.7     1-1-0-s-0-0-0-a a s 0 0 0 0 0 0 0 0 0 0 0 0 12.625415 0.01 0.01
 3.958175e-07 False  0  1 0 1  0  0  True  75DeHe.8     1-1-0-a-0-0-0-s s a 0 0 0 0 0 0 0 0 0 0 0 0 12.964033 0.01 0.01
-1.000000e+03  True  2  2 0 1  2  1 False  75DeHe.9     2-1-1-s-2-0-2-a a s 0 0 0 0 0 0 0 0 0 0 0 0  5.931426 0.01 0.01
-1.000000e+03  True  2  2 0 1  2  1 False 75DeHe.10     2-1-1-a-2-0-2-s s a 0 0 0 0 0 0 0 0 0 0 0 0  5.934825 0.01 0.01
-1.000000e+03  True  2  2 1 2  2  1 False 75DeHe.11     2-2-1-s-2-1-2-a a s 0 0 0 0 0 0 0 0 0 0 0 0 11.080683 0.01 0.01
-1.000000e+03  True  2  2 1 2  2  1 False 75DeHe.12     2-2-1-a-2-1-2-s s a 0 0 0 0 0 0 0 0 0 0 0 0 11.089203 0.01 0.01
-1.000000e+03  True  2  2 1 2  1  0 False 75DeHe.13     2-2-0-s-2-1-1-a a s 0 0 0 0 0 0 0 0 0 0 0 0  6.903838 0.01 0.01
-1.000000e+03  True  2  2 1 2  1  0 False 75DeHe.14     2-2-0-a-2-1-1-s s a 0 0 0 0 0 0 0 0 0 0 0 0  6.910464 0.10 0.10
-1.000000e+03  True  1  2 1 0  1  2 False 75DeHe.15     2-0-2-s-1-1-1-a a s 0 0 0 0 0 0 0 0 0 0 0 0 15.464985 0.01 0.01
-1.000000e+03  True  1  2 1 0  1  2 False 75DeHe.16     2-0-2-a-1-1-1-s s a 0 0 0 0 0 0 0 0 0 0 0 0 15.466983 0.01 0.01
 2.692335e-05 False  2  2 0 1  2  2  True 75DeHe.17     2-1-2-s-2-0-2-a a s 0 0 0 0 0 0 0 0 0 0 0 0  0.952689 0.10 0.10
 1.828472e-05 False  2  2 0 1  2  2  True 75DeHe.18     2-1-2-a-2-0-2-s s a 0 0 0 0 0 0 0 0 0 0 0 0  1.292198 0.01 0.01
 1.503274e-07 False  2  2 1 2  2  0  True 75DeHe.19     2-2-0-s-2-1-2-a a s 0 0 0 0 0 0 0 0 0 0 0 0 11.553107 0.01 0.01
 4.116803e-07 False  2  2 1 2  2  0  True 75DeHe.20     2-2-0-a-2-1-2-s s a 0 0 0 0 0 0 0 0 0 0 0 0 11.882527 0.01 0.01
 4.526895e-08 False  2  2 1 2  1  1  True 75DeHe.21     2-2-1-s-2-1-1-a a s 0 0 0 0 0 0 0 0 0 0 0 0  6.110505 0.01 0.01
 1.162455e-07 False  2  2 1 2  1  1  True 75DeHe.22     2-2-1-a-2-1-1-s s a 0 0 0 0 0 0 0 0 0 0 0 0  6.438047 0.01 0.01
 2.268397e-07 False  1  2 1 0  0  2  True 75DeHe.23     2-0-2-s-1-1-0-a a s 0 0 0 0 0 0 0 0 0 0 0 0 13.692496 0.01 0.01
 3.632987e-07 False  1  2 1 0  0  2  True 75DeHe.24     2-0-2-a-1-1-0-s s a 0 0 0 0 0 0 0 0 0 0 0 0 14.030852 0.01 0.01
-1.000000e+03  True  3  3 0 1  3  2 False 75DeHe.25     3-1-2-s-3-0-3-a a s 0 0 0 0 0 0 0 0 0 0 0 0  9.889411 0.01 0.01
-1.000000e+03  True  3  3 0 1  3  2 False 75DeHe.26     3-1-2-a-3-0-3-s s a 0 0 0 0 0 0 0 0 0 0 0 0  9.894041 0.10 0.10
-1.000000e+03  True  3  3 1 2  2  1 False 75DeHe.27     3-2-1-s-3-1-2-a a s 0 0 0 0 0 0 0 0 0 0 0 0  7.079794 0.01 0.01
-1.000000e+03  True  3  3 1 2  2  1 False 75DeHe.28     3-2-1-a-3-1-2-s s a 0 0 0 0 0 0 0 0 0 0 0 0  7.085283 0.01 0.01
 1.720506e-07 False  3  3 0 1  3  3  True 75DeHe.29     3-1-3-s-3-0-3-a a s 0 0 0 0 0 0 0 0 0 0 0 0  0.276322 0.01 0.01
 3.158668e-06 False  3  3 0 1  3  3  True 75DeHe.30     3-1-3-a-3-0-3-s s a 0 0 0 0 0 0 0 0 0 0 0 0  0.616490 0.01 0.01
 3.849798e-07 False  3  3 1 2  2  2  True 75DeHe.31     3-2-2-s-3-1-2-a a s 0 0 0 0 0 0 0 0 0 0 0 0  4.222834 0.01 0.01
 4.807407e-07 False  3  3 1 2  2  2  True 75DeHe.32     3-2-2-a-3-1-2-s s a 0 0 0 0 0 0 0 0 0 0 0 0  4.549228 0.01 0.01
-1.000000e+03  True  4  4 1 2  3  2 False 75DeHe.33     4-2-2-s-4-1-3-a a s 0 0 0 0 0 0 0 0 0 0 0 0  6.939040 0.10 0.10
-1.000000e+03  True  4  4 1 2  3  2 False 75DeHe.34     4-2-2-a-4-1-3-s s a 0 0 0 0 0 0 0 0 0 0 0 0  8.945323 0.01 0.01
 3.446440e-07 False  4  4 1 2  3  3  True 75DeHe.35     4-2-3-s-4-1-3-a a s 0 0 0 0 0 0 0 0 0 0 0 0  2.320992 0.10 0.10
 3.271320e-07 False  4  4 1 2  3  3  True 75DeHe.36     4-2-3-a-4-1-3-s s a 0 0 0 0 0 0 0 0 0 0 0 0  2.645257 0.10 0.10
 7.648870e-08 False  4  4 2 3  2  2  True 75DeHe.37     4-3-2-s-4-2-2-a a s 0 0 0 0 0 0 0 0 0 0 0 0  9.588792 0.01 0.01
 4.352301e-07 False  4  4 2 3  2  2  True 75DeHe.38     4-3-2-a-4-2-2-s s a 0 0 0 0 0 0 0 0 0 0 0 0  9.896457 0.01 0.01
-1.000000e+03  True  5  5 1 2  4  3 False 75DeHe.39     5-2-3-s-5-1-4-a a s 0 0 0 0 0 0 0 0 0 0 0 0 12.787276 0.01 0.01
-1.000000e+03  True  5  5 1 2  4  3 False 75DeHe.40     5-2-3-a-5-1-4-s s a 0 0 0 0 0 0 0 0 0 0 0 0 12.792299 0.01 0.01
-1.000000e+03  True  5  5 2 3  3  2 False 75DeHe.41     5-3-2-s-5-2-3-a a s 0 0 0 0 0 0 0 0 0 0 0 0 10.331024 0.10 0.10
-1.000000e+03  True  5  5 2 3  3  2 False 75DeHe.42     5-3-2-a-5-2-3-s s a 0 0 0 0 0 0 0 0 0 0 0 0 10.339226 0.01 0.01
 2.155769e-05 False  5  5 1 2  4  4  True 75DeHe.43     5-2-4-s-5-1-4-a a s 0 0 0 0 0 0 0 0 0 0 0 0  0.956590 0.01 0.01
 5.229360e-06 False  5  5 1 2  4  4  True 75DeHe.44     5-2-4-a-5-1-4-s s a 0 0 0 0 0 0 0 0 0 0 0 0  1.278446 0.01 0.01
 2.055483e-08 False  5  5 2 3  3  3  True 75DeHe.45     5-3-3-s-5-2-3-a a s 0 0 0 0 0 0 0 0 0 0 0 0  6.735052 0.01 0.01
 3.849213e-07 False  5  5 2 3  3  3  True 75DeHe.46     5-3-3-a-5-2-3-s s a 0 0 0 0 0 0 0 0 0 0 0 0  7.040095 0.01 0.01
-1.000000e+03  True  6  6 0 1  6  6 False 75DeHe.47     6-1-6-s-6-0-6-a a s 0 0 0 0 0 0 0 0 0 0 0 0  0.162119 0.10 0.10
 2.099571e-07 False  6  6 0 1  6  6  True 75DeHe.48     6-1-6-a-6-0-6-s s a 0 0 0 0 0 0 0 0 0 0 0 0  0.186165 0.01 0.01
 2.609970e-08 False  6  6 1 2  5  5  True 75DeHe.49     6-2-5-s-6-1-5-a a s 0 0 0 0 0 0 0 0 0 0 0 0  0.260226 0.01 0.01
 3.539580e-07 False  6  6 1 2  5  5  True 75DeHe.50     6-2-5-a-6-1-5-s s a 0 0 0 0 0 0 0 0 0 0 0 0  0.580153 0.01 0.01
-1.000000e+03  True  6  6 2 3  4  4 False 75DeHe.51     6-3-4-s-6-2-4-a a s 0 0 0 0 0 0 0 0 0 0 0 0  3.952868 0.01 0.01
 2.462408e-07 False  6  6 2 3  4  4  True 75DeHe.52     6-3-4-a-6-2-4-s s a 0 0 0 0 0 0 0 0 0 0 0 0  4.253723 0.10 0.10
 3.260681e-07 False  6  6 3 4  3  3  True 75DeHe.53     6-4-3-s-6-3-3-a a s 0 0 0 0 0 0 0 0 0 0 0 0 13.182863 0.10 0.10
-1.000000e+03  True  6  6 3 4  3  3 False 75DeHe.54     6-4-3-a-6-3-3-s s a 0 0 0 0 0 0 0 0 0 0 0 0 13.463287 0.10 0.10
-1.000000e+03  True  7  7 3 4  4  3 False 75DeHe.55     7-4-3-s-7-3-4-a a s 0 0 0 0 0 0 0 0 0 0 0 0 13.562817 0.01 0.01
-1.000000e+03  True  7  7 3 4  4  3 False 75DeHe.56     7-4-3-a-7-3-4-s s a 0 0 0 0 0 0 0 0 0 0 0 0 13.573727 0.01 0.01
 2.490155e-07 False  7  7 3 4  4  4  True 75DeHe.57     7-4-4-s-7-3-4-a a s 0 0 0 0 0 0 0 0 0 0 0 0  9.490487 0.01 0.01
 1.470032e-07 False  7  7 3 4  4  4  True 75DeHe.58     7-4-4-a-7-3-4-s s a 0 0 0 0 0 0 0 0 0 0 0 0  9.767392 0.01 0.01
-1.000000e+03  True  8  8 0 1  8  8 False 75DeHe.59     8-1-8-s-8-0-8-a a s 0 0 0 0 0 0 0 0 0 0 0 0  0.178925 0.01 0.01
 3.953983e-07 False  8  8 0 1  8  8  True 75DeHe.60     8-1-8-a-8-0-8-s s a 0 0 0 0 0 0 0 0 0 0 0 0  0.180597 0.01 0.01
 5.718197e-07 False  8  8 2 3  6  6  True 75DeHe.61     8-3-6-s-8-2-6-a a s 0 0 0 0 0 0 0 0 0 0 0 0  0.687435 0.01 0.01
 2.075178e-05 False  8  8 2 3  6  6  True 75DeHe.62     8-3-6-a-8-2-6-s s a 0 0 0 0 0 0 0 0 0 0 0 0  0.977992 0.01 0.01
 4.134142e-07 False  8  8 3 4  5  5  True 75DeHe.63     8-4-5-s-8-3-5-a a s 0 0 0 0 0 0 0 0 0 0 0 0  5.865916 0.01 0.01
 2.616015e-07 False  8  8 3 4  5  5  True 75DeHe.64     8-4-5-a-8-3-5-s s a 0 0 0 0 0 0 0 0 0 0 0 0  6.137175 0.01 0.01
-1.000000e+03  True  8  8 4 5  4  4 False 75DeHe.65     8-5-4-s-8-4-4-a a s 0 0 0 0 0 0 0 0 0 0 0 0 16.932103 0.01 0.01
-1.000000e+03  True  8  8 4 5  4  4 False 75DeHe.66     8-5-4-a-8-4-4-s s a 0 0 0 0 0 0 0 0 0 0 0 0 17.179790 0.01 0.01
-1.000000e+03  True  9  9 0 1  9  9 False 75DeHe.67     9-1-9-s-9-0-9-a a s 0 0 0 0 0 0 0 0 0 0 0 0  0.183293 0.01 0.01
 2.354672e-07 False  9  9 0 1  9  9  True 75DeHe.68     9-1-9-a-9-0-9-s s a 0 0 0 0 0 0 0 0 0 0 0 0  0.183719 0.01 0.01
-1.000000e+03  True  9  9 3 4  6  6 False 75DeHe.69     9-4-6-s-9-3-6-a a s 0 0 0 0 0 0 0 0 0 0 0 0  3.016707 0.10 0.10
-1.000000e+03  True  9  9 3 4  6  6 False 75DeHe.70     9-4-6-a-9-3-6-s s a 0 0 0 0 0 0 0 0 0 0 0 0  3.280643 0.10 0.10
 3.889046e-07 False  9  9 4 5  5  5  True 75DeHe.71     9-5-5-s-9-4-5-a a s 0 0 0 0 0 0 0 0 0 0 0 0 12.509837 0.01 0.01
 1.758159e-07 False  9  9 4 5  5  5  True 75DeHe.72     9-5-5-a-9-4-5-s s a 0 0 0 0 0 0 0 0 0 0 0 0 12.753791 0.01 0.01
-1.000000e+03  True 10 10 0 1 10 10 False 75DeHe.73 10-1-10-s-10-0-10-a a s 0 0 0 0 0 0 0 0 0 0 0 0  0.187862 0.01 0.01
 3.717979e-07 False 10 10 0 1 10 10  True 75DeHe.74 10-1-10-a-10-0-10-s s a 0 0 0 0 0 0 0 0 0 0 0 0  0.187969 0.01 0.01
 3.232926e-07 False 10 10 4 5  6  6  True 75DeHe.75   10-5-6-s-10-4-6-a a s 0 0 0 0 0 0 0 0 0 0 0 0  8.083198 0.01 0.01
-1.000000e+03  True 10 10 4 5  6  6 False 75DeHe.76   10-5-6-a-10-4-6-s s a 0 0 0 0 0 0 0 0 0 0 0 0  8.320759 0.01 0.01
-1.000000e+03  True 11 11 0 1 11 11 False 75DeHe.77 11-1-11-s-11-0-11-a a s 0 0 0 0 0 0 0 0 0 0 0 0  0.193015 0.01 0.01
 1.210833e-07 False 11 11 0 1 11 11  True 75DeHe.78 11-1-11-a-11-0-11-s s a 0 0 0 0 0 0 0 0 0 0 0 0  0.193039 0.01 0.01
 1.934272e-07 False 11 11 4 5  7  7  True 75DeHe.79   11-5-7-s-11-4-7-a a s 0 0 0 0 0 0 0 0 0 0 0 0  4.447572 0.01 0.01
 2.070394e-07 False 11 11 4 5  7  7  True 75DeHe.80   11-5-7-a-11-4-7-s s a 0 0 0 0 0 0 0 0 0 0 0 0  4.676461 0.01 0.01
 2.789981e-07 False 11 11 5 6  6  6  True 75DeHe.81   11-6-6-s-11-5-6-a a s 0 0 0 0 0 0 0 0 0 0 0 0 15.810215 0.01 0.01
 3.450149e-07 False 11 11 5 6  6  6  True 75DeHe.82   11-6-6-a-11-5-6-s s a 0 0 0 0 0 0 0 0 0 0 0 0 16.018461 0.01 0.01
-1.000000e+03  True 12 12 5 6  7  7 False 75DeHe.83   12-6-7-s-12-5-7-a a s 0 0 0 0 0 0 0 0 0 0 0 0 10.631634 0.01 0.01
 3.300001e-07 False 12 12 5 6  7  7  True 75DeHe.84   12-6-7-a-12-5-7-s s a 0 0 0 0 0 0 0 0 0 0 0 0 10.833475 0.10 0.10
 2.995706e-09 False 13 13 5 6  8  8  True 75DeHe.85   13-6-8-s-13-5-8-a a s 0 0 0 0 0 0 0 0 0 0 0 0  6.194895 0.01 0.01
 3.074329e-07 False 13 13 5 6  8  8  True 75DeHe.86   13-6-8-a-13-5-8-s s a 0 0 0 0 0 0 0 0 0 0 0 0  6.387585 0.01 0.01